# JRE version: Java(TM) SE Runtime Environment (8.0_77-b03) (build 1.8.0_77-b03)
# Java VM: Java HotSpot(TM) Client VM (25.77-b03 mixed mode windows-x86 )
Heap:
 def new generation   total 4928K, used 4735K [0x05200000, 0x05750000, 0x0a750000)
  eden space 4416K,  97% used [0x05200000, 0x05632f88, 0x05650000)
  from space 512K,  84% used [0x05650000, 0x056bcc80, 0x056d0000)
  to   space 512K,   0% used [0x056d0000, 0x056d0000, 0x05750000)
 tenured generation   total 10944K, used 5142K [0x0a750000, 0x0b200000, 0x15200000)
   the space 10944K,  46% used [0x0a750000, 0x0ac55850, 0x0ac55a00, 0x0b200000)
 Metaspace       used 9097K, capacity 9277K, committed 9344K, reserved 9600K
GC Heap History (8 events):
Event: 0.998 GC heap before
{Heap before GC invocations=0 (full 0):
 def new generation   total 4928K, used 4416K [0x05200000, 0x05750000, 0x0a750000)
  eden space 4416K, 100% used [0x05200000, 0x05650000, 0x05650000)
  from space 512K,   0% used [0x05650000, 0x05650000, 0x056d0000)
  to   space 512K,   0% used [0x056d0000, 0x056d0000, 0x05750000)
 tenured generation   total 10944K, used 0K [0x0a750000, 0x0b200000, 0x15200000)
   the space 10944K,   0% used [0x0a750000, 0x0a750000, 0x0a750200, 0x0b200000)
 Metaspace       used 6768K, capacity 6957K, committed 7040K, reserved 7552K
Event: 1.010 GC heap after
Heap after GC invocations=1 (full 0):
 def new generation   total 4928K, used 512K [0x05200000, 0x05750000, 0x0a750000)
  eden space 4416K,   0% used [0x05200000, 0x05200000, 0x05650000)
  from space 512K, 100% used [0x056d0000, 0x05750000, 0x05750000)
  to   space 512K,   0% used [0x05650000, 0x05650000, 0x056d0000)
 tenured generation   total 10944K, used 877K [0x0a750000, 0x0b200000, 0x15200000)
   the space 10944K,   8% used [0x0a750000, 0x0a82b6c0, 0x0a82b800, 0x0b200000)
 Metaspace       used 6768K, capacity 6957K, committed 7040K, reserved 7552K
}
Event: 2.968 GC heap before
{Heap before GC invocations=1 (full 0):
 def new generation   total 4928K, used 4905K [0x05200000, 0x05750000, 0x0a750000)
  eden space 4416K,  99% used [0x05200000, 0x0564a538, 0x05650000)
  from space 512K, 100% used [0x056d0000, 0x05750000, 0x05750000)
  to   space 512K,   0% used [0x05650000, 0x05650000, 0x056d0000)
 tenured generation   total 10944K, used 877K [0x0a750000, 0x0b200000, 0x15200000)
   the space 10944K,   8% used [0x0a750000, 0x0a82b6c0, 0x0a82b800, 0x0b200000)
 Metaspace       used 7494K, capacity 7661K, committed 7808K, reserved 8576K
Event: 2.975 GC heap after
Heap after GC invocations=2 (full 0):
 def new generation   total 4928K, used 512K [0x05200000, 0x05750000, 0x0a750000)
  eden space 4416K,   0% used [0x05200000, 0x05200000, 0x05650000)
  from space 512K, 100% used [0x05650000, 0x056d0000, 0x056d0000)
  to   space 512K,   0% used [0x056d0000, 0x056d0000, 0x05750000)
 tenured generation   total 10944K, used 1540K [0x0a750000, 0x0b200000, 0x15200000)
   the space 10944K,  14% used [0x0a750000, 0x0a8d10e0, 0x0a8d1200, 0x0b200000)
 Metaspace       used 7494K, capacity 7661K, committed 7808K, reserved 8576K
}
Event: 3.822 GC heap before
{Heap before GC invocations=2 (full 0):
 def new generation   total 4928K, used 4646K [0x05200000, 0x05750000, 0x0a750000)
  eden space 4416K,  93% used [0x05200000, 0x05609898, 0x05650000)
  from space 512K, 100% used [0x05650000, 0x056d0000, 0x056d0000)
  to   space 512K,   0% used [0x056d0000, 0x056d0000, 0x05750000)
 tenured generation   total 10944K, used 1540K [0x0a750000, 0x0b200000, 0x15200000)
   the space 10944K,  14% used [0x0a750000, 0x0a8d10e0, 0x0a8d1200, 0x0b200000)
 Metaspace       used 8660K, capacity 8835K, committed 8960K, reserved 9600K
Event: 3.831 GC heap after
Heap after GC invocations=3 (full 0):
 def new generation   total 4928K, used 512K [0x05200000, 0x05750000, 0x0a750000)
  eden space 4416K,   0% used [0x05200000, 0x05200000, 0x05650000)
  from space 512K, 100% used [0x056d0000, 0x05750000, 0x05750000)
  to   space 512K,   0% used [0x05650000, 0x05650000, 0x056d0000)
 tenured generation   total 10944K, used 2217K [0x0a750000, 0x0b200000, 0x15200000)
   the space 10944K,  20% used [0x0a750000, 0x0a97a580, 0x0a97a600, 0x0b200000)
 Metaspace       used 8660K, capacity 8835K, committed 8960K, reserved 9600K
}
Event: 5.770 GC heap before
{Heap before GC invocations=3 (full 0):
 def new generation   total 4928K, used 4928K [0x05200000, 0x05750000, 0x0a750000)
  eden space 4416K, 100% used [0x05200000, 0x05650000, 0x05650000)
  from space 512K, 100% used [0x056d0000, 0x05750000, 0x05750000)
  to   space 512K,   0% used [0x05650000, 0x05650000, 0x056d0000)
 tenured generation   total 10944K, used 2217K [0x0a750000, 0x0b200000, 0x15200000)
   the space 10944K,  20% used [0x0a750000, 0x0a97a580, 0x0a97a600, 0x0b200000)
 Metaspace       used 9054K, capacity 9245K, committed 9344K, reserved 9600K
Event: 5.780 GC heap after
Heap after GC invocations=4 (full 0):
 def new generation   total 4928K, used 435K [0x05200000, 0x05750000, 0x0a750000)
  eden space 4416K,   0% used [0x05200000, 0x05200000, 0x05650000)
  from space 512K,  84% used [0x05650000, 0x056bcc80, 0x056d0000)
  to   space 512K,   0% used [0x056d0000, 0x056d0000, 0x05750000)
 tenured generation   total 10944K, used 5142K [0x0a750000, 0x0b200000, 0x15200000)
   the space 10944K,  46% used [0x0a750000, 0x0ac55850, 0x0ac55a00, 0x0b200000)
 Metaspace       used 9054K, capacity 9245K, committed 9344K, reserved 9600K
}

