# JRE version: Java(TM) SE Runtime Environment (8.0_77-b03) (build 1.8.0_77-b03)
# Java VM: Java HotSpot(TM) Client VM (25.77-b03 mixed mode windows-x86 )
Heap:
 def new generation   total 4928K, used 3166K [0x04a00000, 0x04f50000, 0x09f50000)
  eden space 4416K,  60% used [0x04a00000, 0x04c979d0, 0x04e50000)
  from space 512K, 100% used [0x04ed0000, 0x04f50000, 0x04f50000)
  to   space 512K,   0% used [0x04e50000, 0x04e50000, 0x04ed0000)
 tenured generation   total 10944K, used 6942K [0x09f50000, 0x0aa00000, 0x14a00000)
   the space 10944K,  63% used [0x09f50000, 0x0a617a08, 0x0a617c00, 0x0aa00000)
 Metaspace       used 9172K, capacity 9373K, committed 9472K, reserved 9600K
GC Heap History (10 events):
Event: 6.197 GC heap before
{Heap before GC invocations=2 (full 0):
 def new generation   total 4928K, used 4861K [0x04a00000, 0x04f50000, 0x09f50000)
  eden space 4416K,  98% used [0x04a00000, 0x04e3f688, 0x04e50000)
  from space 512K, 100% used [0x04e50000, 0x04ed0000, 0x04ed0000)
  to   space 512K,   0% used [0x04ed0000, 0x04ed0000, 0x04f50000)
 tenured generation   total 10944K, used 1539K [0x09f50000, 0x0aa00000, 0x14a00000)
   the space 10944K,  14% used [0x09f50000, 0x0a0d0d00, 0x0a0d0e00, 0x0aa00000)
 Metaspace       used 8693K, capacity 8878K, committed 8960K, reserved 9600K
Event: 6.207 GC heap after
Heap after GC invocations=3 (full 0):
 def new generation   total 4928K, used 512K [0x04a00000, 0x04f50000, 0x09f50000)
  eden space 4416K,   0% used [0x04a00000, 0x04a00000, 0x04e50000)
  from space 512K, 100% used [0x04ed0000, 0x04f50000, 0x04f50000)
  to   space 512K,   0% used [0x04e50000, 0x04e50000, 0x04ed0000)
 tenured generation   total 10944K, used 2237K [0x09f50000, 0x0aa00000, 0x14a00000)
   the space 10944K,  20% used [0x09f50000, 0x0a17f680, 0x0a17f800, 0x0aa00000)
 Metaspace       used 8693K, capacity 8878K, committed 8960K, reserved 9600K
}
Event: 8.611 GC heap before
{Heap before GC invocations=3 (full 0):
 def new generation   total 4928K, used 4928K [0x04a00000, 0x04f50000, 0x09f50000)
  eden space 4416K, 100% used [0x04a00000, 0x04e50000, 0x04e50000)
  from space 512K, 100% used [0x04ed0000, 0x04f50000, 0x04f50000)
  to   space 512K,   0% used [0x04e50000, 0x04e50000, 0x04ed0000)
 tenured generation   total 10944K, used 2237K [0x09f50000, 0x0aa00000, 0x14a00000)
   the space 10944K,  20% used [0x09f50000, 0x0a17f680, 0x0a17f800, 0x0aa00000)
 Metaspace       used 9100K, capacity 9309K, committed 9344K, reserved 9600K
Event: 8.621 GC heap after
Heap after GC invocations=4 (full 0):
 def new generation   total 4928K, used 422K [0x04a00000, 0x04f50000, 0x09f50000)
  eden space 4416K,   0% used [0x04a00000, 0x04a00000, 0x04e50000)
  from space 512K,  82% used [0x04e50000, 0x04eb9908, 0x04ed0000)
  to   space 512K,   0% used [0x04ed0000, 0x04ed0000, 0x04f50000)
 tenured generation   total 10944K, used 5167K [0x09f50000, 0x0aa00000, 0x14a00000)
   the space 10944K,  47% used [0x09f50000, 0x0a45bd60, 0x0a45be00, 0x0aa00000)
 Metaspace       used 9100K, capacity 9309K, committed 9344K, reserved 9600K
}
Event: 25.370 GC heap before
{Heap before GC invocations=4 (full 0):
 def new generation   total 4928K, used 4838K [0x04a00000, 0x04f50000, 0x09f50000)
  eden space 4416K, 100% used [0x04a00000, 0x04e50000, 0x04e50000)
  from space 512K,  82% used [0x04e50000, 0x04eb9908, 0x04ed0000)
  to   space 512K,   0% used [0x04ed0000, 0x04ed0000, 0x04f50000)
 tenured generation   total 10944K, used 5167K [0x09f50000, 0x0aa00000, 0x14a00000)
   the space 10944K,  47% used [0x09f50000, 0x0a45bd60, 0x0a45be00, 0x0aa00000)
 Metaspace       used 9163K, capacity 9373K, committed 9472K, reserved 9600K
Event: 25.387 GC heap after
Heap after GC invocations=5 (full 0):
 def new generation   total 4928K, used 511K [0x04a00000, 0x04f50000, 0x09f50000)
  eden space 4416K,   0% used [0x04a00000, 0x04a00000, 0x04e50000)
  from space 512K,  99% used [0x04ed0000, 0x04f4fff8, 0x04f50000)
  to   space 512K,   0% used [0x04e50000, 0x04e50000, 0x04ed0000)
 tenured generation   total 10944K, used 5851K [0x09f50000, 0x0aa00000, 0x14a00000)
   the space 10944K,  53% used [0x09f50000, 0x0a506ea8, 0x0a507000, 0x0aa00000)
 Metaspace       used 9163K, capacity 9373K, committed 9472K, reserved 9600K
}
Event: 43.368 GC heap before
{Heap before GC invocations=5 (full 0):
 def new generation   total 4928K, used 4927K [0x04a00000, 0x04f50000, 0x09f50000)
  eden space 4416K, 100% used [0x04a00000, 0x04e50000, 0x04e50000)
  from space 512K,  99% used [0x04ed0000, 0x04f4fff8, 0x04f50000)
  to   space 512K,   0% used [0x04e50000, 0x04e50000, 0x04ed0000)
 tenured generation   total 10944K, used 5851K [0x09f50000, 0x0aa00000, 0x14a00000)
   the space 10944K,  53% used [0x09f50000, 0x0a506ea8, 0x0a507000, 0x0aa00000)
 Metaspace       used 9163K, capacity 9373K, committed 9472K, reserved 9600K
Event: 43.382 GC heap after
Heap after GC invocations=6 (full 0):
 def new generation   total 4928K, used 511K [0x04a00000, 0x04f50000, 0x09f50000)
  eden space 4416K,   0% used [0x04a00000, 0x04a00000, 0x04e50000)
  from space 512K,  99% used [0x04e50000, 0x04ecfff8, 0x04ed0000)
  to   space 512K,   0% used [0x04ed0000, 0x04ed0000, 0x04f50000)
 tenured generation   total 10944K, used 6594K [0x09f50000, 0x0aa00000, 0x14a00000)
   the space 10944K,  60% used [0x09f50000, 0x0a5c0930, 0x0a5c0a00, 0x0aa00000)
 Metaspace       used 9163K, capacity 9373K, committed 9472K, reserved 9600K
}
Event: 54.527 GC heap before
{Heap before GC invocations=6 (full 0):
 def new generation   total 4928K, used 4927K [0x04a00000, 0x04f50000, 0x09f50000)
  eden space 4416K, 100% used [0x04a00000, 0x04e50000, 0x04e50000)
  from space 512K,  99% used [0x04e50000, 0x04ecfff8, 0x04ed0000)
  to   space 512K,   0% used [0x04ed0000, 0x04ed0000, 0x04f50000)
 tenured generation   total 10944K, used 6594K [0x09f50000, 0x0aa00000, 0x14a00000)
   the space 10944K,  60% used [0x09f50000, 0x0a5c0930, 0x0a5c0a00, 0x0aa00000)
 Metaspace       used 9169K, capacity 9373K, committed 9472K, reserved 9600K
Event: 54.534 GC heap after
Heap after GC invocations=7 (full 0):
 def new generation   total 4928K, used 512K [0x04a00000, 0x04f50000, 0x09f50000)
  eden space 4416K,   0% used [0x04a00000, 0x04a00000, 0x04e50000)
  from space 512K, 100% used [0x04ed0000, 0x04f50000, 0x04f50000)
  to   space 512K,   0% used [0x04e50000, 0x04e50000, 0x04ed0000)
 tenured generation   total 10944K, used 6942K [0x09f50000, 0x0aa00000, 0x14a00000)
   the space 10944K,  63% used [0x09f50000, 0x0a617a08, 0x0a617c00, 0x0aa00000)
 Metaspace       used 9169K, capacity 9373K, committed 9472K, reserved 9600K
}

