# JRE version: Java(TM) SE Runtime Environment (8.0_77-b03) (build 1.8.0_77-b03)
# Java VM: Java HotSpot(TM) Client VM (25.77-b03 mixed mode windows-x86 )
Heap:
 def new generation   total 4928K, used 2518K [0x04a00000, 0x04f50000, 0x09f50000)
  eden space 4416K,  45% used [0x04a00000, 0x04bf5a08, 0x04e50000)
  from space 512K, 100% used [0x04e50000, 0x04ed0000, 0x04ed0000)
  to   space 512K,   0% used [0x04ed0000, 0x04ed0000, 0x04f50000)
 tenured generation   total 10944K, used 6505K [0x09f50000, 0x0aa00000, 0x14a00000)
   the space 10944K,  59% used [0x09f50000, 0x0a5aa790, 0x0a5aa800, 0x0aa00000)
 Metaspace       used 9160K, capacity 9341K, committed 9472K, reserved 9600K
GC Heap History (10 events):
Event: 3.388 GC heap before
{Heap before GC invocations=1 (full 0):
 def new generation   total 4928K, used 4902K [0x04a00000, 0x04f50000, 0x09f50000)
  eden space 4416K,  99% used [0x04a00000, 0x04e49b30, 0x04e50000)
  from space 512K, 100% used [0x04ed0000, 0x04f50000, 0x04f50000)
  to   space 512K,   0% used [0x04e50000, 0x04e50000, 0x04ed0000)
 tenured generation   total 10944K, used 877K [0x09f50000, 0x0aa00000, 0x14a00000)
   the space 10944K,   8% used [0x09f50000, 0x0a02b6c0, 0x0a02b800, 0x0aa00000)
 Metaspace       used 7494K, capacity 7661K, committed 7808K, reserved 8576K
Event: 3.413 GC heap after
Heap after GC invocations=2 (full 0):
 def new generation   total 4928K, used 512K [0x04a00000, 0x04f50000, 0x09f50000)
  eden space 4416K,   0% used [0x04a00000, 0x04a00000, 0x04e50000)
  from space 512K, 100% used [0x04e50000, 0x04ed0000, 0x04ed0000)
  to   space 512K,   0% used [0x04ed0000, 0x04ed0000, 0x04f50000)
 tenured generation   total 10944K, used 1540K [0x09f50000, 0x0aa00000, 0x14a00000)
   the space 10944K,  14% used [0x09f50000, 0x0a0d1140, 0x0a0d1200, 0x0aa00000)
 Metaspace       used 7494K, capacity 7661K, committed 7808K, reserved 8576K
}
Event: 4.558 GC heap before
{Heap before GC invocations=2 (full 0):
 def new generation   total 4928K, used 4673K [0x04a00000, 0x04f50000, 0x09f50000)
  eden space 4416K,  94% used [0x04a00000, 0x04e106b8, 0x04e50000)
  from space 512K, 100% used [0x04e50000, 0x04ed0000, 0x04ed0000)
  to   space 512K,   0% used [0x04ed0000, 0x04ed0000, 0x04f50000)
 tenured generation   total 10944K, used 1540K [0x09f50000, 0x0aa00000, 0x14a00000)
   the space 10944K,  14% used [0x09f50000, 0x0a0d1140, 0x0a0d1200, 0x0aa00000)
 Metaspace       used 8665K, capacity 8843K, committed 8960K, reserved 9600K
Event: 4.567 GC heap after
Heap after GC invocations=3 (full 0):
 def new generation   total 4928K, used 512K [0x04a00000, 0x04f50000, 0x09f50000)
  eden space 4416K,   0% used [0x04a00000, 0x04a00000, 0x04e50000)
  from space 512K, 100% used [0x04ed0000, 0x04f50000, 0x04f50000)
  to   space 512K,   0% used [0x04e50000, 0x04e50000, 0x04ed0000)
 tenured generation   total 10944K, used 2220K [0x09f50000, 0x0aa00000, 0x14a00000)
   the space 10944K,  20% used [0x09f50000, 0x0a17b348, 0x0a17b400, 0x0aa00000)
 Metaspace       used 8665K, capacity 8843K, committed 8960K, reserved 9600K
}
Event: 6.733 GC heap before
{Heap before GC invocations=3 (full 0):
 def new generation   total 4928K, used 4928K [0x04a00000, 0x04f50000, 0x09f50000)
  eden space 4416K, 100% used [0x04a00000, 0x04e50000, 0x04e50000)
  from space 512K, 100% used [0x04ed0000, 0x04f50000, 0x04f50000)
  to   space 512K,   0% used [0x04e50000, 0x04e50000, 0x04ed0000)
 tenured generation   total 10944K, used 2220K [0x09f50000, 0x0aa00000, 0x14a00000)
   the space 10944K,  20% used [0x09f50000, 0x0a17b348, 0x0a17b400, 0x0aa00000)
 Metaspace       used 9090K, capacity 9277K, committed 9344K, reserved 9600K
Event: 6.744 GC heap after
Heap after GC invocations=4 (full 0):
 def new generation   total 4928K, used 432K [0x04a00000, 0x04f50000, 0x09f50000)
  eden space 4416K,   0% used [0x04a00000, 0x04a00000, 0x04e50000)
  from space 512K,  84% used [0x04e50000, 0x04ebc028, 0x04ed0000)
  to   space 512K,   0% used [0x04ed0000, 0x04ed0000, 0x04f50000)
 tenured generation   total 10944K, used 5147K [0x09f50000, 0x0aa00000, 0x14a00000)
   the space 10944K,  47% used [0x09f50000, 0x0a456f20, 0x0a457000, 0x0aa00000)
 Metaspace       used 9090K, capacity 9277K, committed 9344K, reserved 9600K
}
Event: 23.988 GC heap before
{Heap before GC invocations=4 (full 0):
 def new generation   total 4928K, used 4848K [0x04a00000, 0x04f50000, 0x09f50000)
  eden space 4416K, 100% used [0x04a00000, 0x04e50000, 0x04e50000)
  from space 512K,  84% used [0x04e50000, 0x04ebc028, 0x04ed0000)
  to   space 512K,   0% used [0x04ed0000, 0x04ed0000, 0x04f50000)
 tenured generation   total 10944K, used 5147K [0x09f50000, 0x0aa00000, 0x14a00000)
   the space 10944K,  47% used [0x09f50000, 0x0a456f20, 0x0a457000, 0x0aa00000)
 Metaspace       used 9092K, capacity 9277K, committed 9344K, reserved 9600K
Event: 24.008 GC heap after
Heap after GC invocations=5 (full 0):
 def new generation   total 4928K, used 512K [0x04a00000, 0x04f50000, 0x09f50000)
  eden space 4416K,   0% used [0x04a00000, 0x04a00000, 0x04e50000)
  from space 512K, 100% used [0x04ed0000, 0x04f50000, 0x04f50000)
  to   space 512K,   0% used [0x04e50000, 0x04e50000, 0x04ed0000)
 tenured generation   total 10944K, used 5857K [0x09f50000, 0x0aa00000, 0x14a00000)
   the space 10944K,  53% used [0x09f50000, 0x0a5084f0, 0x0a508600, 0x0aa00000)
 Metaspace       used 9092K, capacity 9277K, committed 9344K, reserved 9600K
}
Event: 39.901 GC heap before
{Heap before GC invocations=5 (full 0):
 def new generation   total 4928K, used 4928K [0x04a00000, 0x04f50000, 0x09f50000)
  eden space 4416K, 100% used [0x04a00000, 0x04e50000, 0x04e50000)
  from space 512K, 100% used [0x04ed0000, 0x04f50000, 0x04f50000)
  to   space 512K,   0% used [0x04e50000, 0x04e50000, 0x04ed0000)
 tenured generation   total 10944K, used 5857K [0x09f50000, 0x0aa00000, 0x14a00000)
   the space 10944K,  53% used [0x09f50000, 0x0a5084f0, 0x0a508600, 0x0aa00000)
 Metaspace       used 9157K, capacity 9341K, committed 9472K, reserved 9600K
Event: 39.917 GC heap after
Heap after GC invocations=6 (full 0):
 def new generation   total 4928K, used 512K [0x04a00000, 0x04f50000, 0x09f50000)
  eden space 4416K,   0% used [0x04a00000, 0x04a00000, 0x04e50000)
  from space 512K, 100% used [0x04e50000, 0x04ed0000, 0x04ed0000)
  to   space 512K,   0% used [0x04ed0000, 0x04ed0000, 0x04f50000)
 tenured generation   total 10944K, used 6505K [0x09f50000, 0x0aa00000, 0x14a00000)
   the space 10944K,  59% used [0x09f50000, 0x0a5aa790, 0x0a5aa800, 0x0aa00000)
 Metaspace       used 9157K, capacity 9341K, committed 9472K, reserved 9600K
}

